[12-Nov-2018 18:57:21 Asia/Shanghai] PHP Warning:  HttpBaseController-getUserIdByCookie error msg =session is not ok 
 in /Users/anguoyue/PhpstormProjects/gaga/src/lib/wpf/Wpf_Logger.php on line 111
[12-Nov-2018 18:57:21 Asia/Shanghai] PHP Warning:  Page_LoginController->index Exception: cookie is not found in /Users/anguoyue/PhpstormProjects/gaga/src/controller/HttpBaseController.php:204
Stack trace:
#0 /Users/anguoyue/PhpstormProjects/gaga/src/controller/Page/Page_LoginController.php(17): HttpBaseController->checkUserCookie()
#1 /Users/anguoyue/PhpstormProjects/gaga/src/controller/HttpBaseController.php(94): Page_LoginController->index()
#2 /Users/anguoyue/PhpstormProjects/gaga/src/lib/wpf/Wpf_Web.php(27): HttpBaseController->doIndex()
#3 /Users/anguoyue/PhpstormProjects/gaga/src/lib/wpf/init.php(113): Wpf_Web->run()
#4 /Users/anguoyue/PhpstormProjects/gaga/src/index.php(41): require_once('/Users/anguoyue...')
#5 {main} 
 in /Users/anguoyue/PhpstormProjects/gaga/src/lib/wpf/Wpf_Logger.php on line 111
[12-Nov-2018 18:57:21 Asia/Shanghai] PHP Warning:  Api_Site_ConfigController-checkSessionValid check session id  
 in /Users/anguoyue/PhpstormProjects/gaga/src/lib/wpf/Wpf_Logger.php on line 111
[12-Nov-2018 18:57:21 Asia/Shanghai] PHP Warning:  Api_Site_ConfigController-checkSessionValid check session id  
 in /Users/anguoyue/PhpstormProjects/gaga/src/lib/wpf/Wpf_Logger.php on line 111
[12-Nov-2018 18:57:21 Asia/Shanghai] PHP Warning:  Api_Site_ConfigController-checkSessionValid check session id  
 in /Users/anguoyue/PhpstormProjects/gaga/src/lib/wpf/Wpf_Logger.php on line 111
[12-Nov-2018 18:57:40 Asia/Shanghai] PHP Warning:  Api_Site_ConfigController-checkSessionValid check session id  
 in /Users/anguoyue/PhpstormProjects/gaga/src/lib/wpf/Wpf_Logger.php on line 111
[12-Nov-2018 18:57:40 Asia/Shanghai] PHP Warning:  Api_Site_ConfigController-checkSessionValid check session id  
 in /Users/anguoyue/PhpstormProjects/gaga/src/lib/wpf/Wpf_Logger.php on line 111
[12-Nov-2018 19:00:01 Asia/Shanghai] PHP Warning:  duckchat.session.profile Exception: decrypt user sesssionId is empty in /Users/anguoyue/PhpstormProjects/gaga/src/controller/Duckchat/Session/Duckchat_Session_ProfileController.php:48
Stack trace:
#0 /Users/anguoyue/PhpstormProjects/gaga/src/controller/Duckchat/Duckchat_MiniProgramController.php(161): Duckchat_Session_ProfileController->rpc(Object(Zaly\Proto\Plugin\DuckChatSessionProfileRequest), Object(Zaly\Proto\Core\TransportData))
#1 /Users/anguoyue/PhpstormProjects/gaga/src/lib/wpf/Wpf_Web.php(27): Duckchat_MiniProgramController->doIndex()
#2 /Users/anguoyue/PhpstormProjects/gaga/src/lib/wpf/init.php(113): Wpf_Web->run()
#3 /Users/anguoyue/PhpstormProjects/gaga/src/index.php(41): require_once('/Users/anguoyue...')
#4 {main} 
 in /Users/anguoyue/PhpstormProjects/gaga/src/lib/wpf/Wpf_Logger.php on line 111
[12-Nov-2018 19:00:01 Asia/Shanghai] PHP Warning:  MiniProgramController-getDuckChatUserProfileFromSessionId error msg =Exception: decrypt user sesssionId is empty in /Users/anguoyue/PhpstormProjects/gaga/src/controller/MiniProgramController.php:245
Stack trace:
#0 /Users/anguoyue/PhpstormProjects/gaga/src/controller/MiniProgramController.php(182): MiniProgramController->buildResponseFromHttp('http://192.168....', '\n\x18duckchat.sess...')
#1 /Users/anguoyue/PhpstormProjects/gaga/src/controller/MiniProgramController.php(132): MiniProgramController->requestDuckChatInnerApi(100, 'duckchat.sessio...', Object(Zaly\Proto\Plugin\DuckChatSessionProfileRequest))
#2 /Users/anguoyue/PhpstormProjects/gaga/src/controller/MiniProgramController.php(93): MiniProgramController->getDuckChatUserProfileFromSessionId('iyVsv15nQ0STprQ...', 100)
#3 /Users/anguoyue/PhpstormProjects/gaga/src/lib/wpf/Wpf_Web.php(27): MiniProgramController->doIndex()
#4 /Users/anguoyue/PhpstormProjects/gaga/src/lib/wpf/init.php(113): Wpf_Web->run()
#5 /Users/anguoyue/PhpstormProjects/gaga/src/index.ph in /Users/anguoyue/PhpstormProjects/gaga/src/lib/wpf/Wpf_Logger.php on line 111
[12-Nov-2018 19:00:01 Asia/Shanghai] PHP Warning:  MiniProgramController-doIndex error msg =Exception: decrypt user sesssionId is empty in /Users/anguoyue/PhpstormProjects/gaga/src/controller/MiniProgramController.php:245
Stack trace:
#0 /Users/anguoyue/PhpstormProjects/gaga/src/controller/MiniProgramController.php(182): MiniProgramController->buildResponseFromHttp('http://192.168....', '\n\x18duckchat.sess...')
#1 /Users/anguoyue/PhpstormProjects/gaga/src/controller/MiniProgramController.php(132): MiniProgramController->requestDuckChatInnerApi(100, 'duckchat.sessio...', Object(Zaly\Proto\Plugin\DuckChatSessionProfileRequest))
#2 /Users/anguoyue/PhpstormProjects/gaga/src/controller/MiniProgramController.php(93): MiniProgramController->getDuckChatUserProfileFromSessionId('iyVsv15nQ0STprQ...', 100)
#3 /Users/anguoyue/PhpstormProjects/gaga/src/lib/wpf/Wpf_Web.php(27): MiniProgramController->doIndex()
#4 /Users/anguoyue/PhpstormProjects/gaga/src/lib/wpf/init.php(113): Wpf_Web->run()
#5 /Users/anguoyue/PhpstormProjects/gaga/src/index.php(41): require_once('/Users/ in /Users/anguoyue/PhpstormProjects/gaga/src/lib/wpf/Wpf_Logger.php on line 111
[12-Nov-2018 19:00:05 Asia/Shanghai] PHP Warning:  duckchat.session.profile Exception: decrypt user sesssionId is empty in /Users/anguoyue/PhpstormProjects/gaga/src/controller/Duckchat/Session/Duckchat_Session_ProfileController.php:48
Stack trace:
#0 /Users/anguoyue/PhpstormProjects/gaga/src/controller/Duckchat/Duckchat_MiniProgramController.php(161): Duckchat_Session_ProfileController->rpc(Object(Zaly\Proto\Plugin\DuckChatSessionProfileRequest), Object(Zaly\Proto\Core\TransportData))
#1 /Users/anguoyue/PhpstormProjects/gaga/src/lib/wpf/Wpf_Web.php(27): Duckchat_MiniProgramController->doIndex()
#2 /Users/anguoyue/PhpstormProjects/gaga/src/lib/wpf/init.php(113): Wpf_Web->run()
#3 /Users/anguoyue/PhpstormProjects/gaga/src/index.php(41): require_once('/Users/anguoyue...')
#4 {main} 
 in /Users/anguoyue/PhpstormProjects/gaga/src/lib/wpf/Wpf_Logger.php on line 111
[12-Nov-2018 19:00:05 Asia/Shanghai] PHP Warning:  MiniProgramController-getDuckChatUserProfileFromSessionId error msg =Exception: decrypt user sesssionId is empty in /Users/anguoyue/PhpstormProjects/gaga/src/controller/MiniProgramController.php:245
Stack trace:
#0 /Users/anguoyue/PhpstormProjects/gaga/src/controller/MiniProgramController.php(182): MiniProgramController->buildResponseFromHttp('http://192.168....', '\n\x18duckchat.sess...')
#1 /Users/anguoyue/PhpstormProjects/gaga/src/controller/MiniProgramController.php(132): MiniProgramController->requestDuckChatInnerApi(100, 'duckchat.sessio...', Object(Zaly\Proto\Plugin\DuckChatSessionProfileRequest))
#2 /Users/anguoyue/PhpstormProjects/gaga/src/controller/MiniProgramController.php(93): MiniProgramController->getDuckChatUserProfileFromSessionId('iyVsv15nQ0STprQ...', 100)
#3 /Users/anguoyue/PhpstormProjects/gaga/src/lib/wpf/Wpf_Web.php(27): MiniProgramController->doIndex()
#4 /Users/anguoyue/PhpstormProjects/gaga/src/lib/wpf/init.php(113): Wpf_Web->run()
#5 /Users/anguoyue/PhpstormProjects/gaga/src/index.ph in /Users/anguoyue/PhpstormProjects/gaga/src/lib/wpf/Wpf_Logger.php on line 111
[12-Nov-2018 19:00:05 Asia/Shanghai] PHP Warning:  MiniProgramController-doIndex error msg =Exception: decrypt user sesssionId is empty in /Users/anguoyue/PhpstormProjects/gaga/src/controller/MiniProgramController.php:245
Stack trace:
#0 /Users/anguoyue/PhpstormProjects/gaga/src/controller/MiniProgramController.php(182): MiniProgramController->buildResponseFromHttp('http://192.168....', '\n\x18duckchat.sess...')
#1 /Users/anguoyue/PhpstormProjects/gaga/src/controller/MiniProgramController.php(132): MiniProgramController->requestDuckChatInnerApi(100, 'duckchat.sessio...', Object(Zaly\Proto\Plugin\DuckChatSessionProfileRequest))
#2 /Users/anguoyue/PhpstormProjects/gaga/src/controller/MiniProgramController.php(93): MiniProgramController->getDuckChatUserProfileFromSessionId('iyVsv15nQ0STprQ...', 100)
#3 /Users/anguoyue/PhpstormProjects/gaga/src/lib/wpf/Wpf_Web.php(27): MiniProgramController->doIndex()
#4 /Users/anguoyue/PhpstormProjects/gaga/src/lib/wpf/init.php(113): Wpf_Web->run()
#5 /Users/anguoyue/PhpstormProjects/gaga/src/index.php(41): require_once('/Users/ in /Users/anguoyue/PhpstormProjects/gaga/src/lib/wpf/Wpf_Logger.php on line 111
[12-Nov-2018 19:00:08 Asia/Shanghai] PHP Warning:  duckchat.session.profile Exception: decrypt user sesssionId is empty in /Users/anguoyue/PhpstormProjects/gaga/src/controller/Duckchat/Session/Duckchat_Session_ProfileController.php:48
Stack trace:
#0 /Users/anguoyue/PhpstormProjects/gaga/src/controller/Duckchat/Duckchat_MiniProgramController.php(161): Duckchat_Session_ProfileController->rpc(Object(Zaly\Proto\Plugin\DuckChatSessionProfileRequest), Object(Zaly\Proto\Core\TransportData))
#1 /Users/anguoyue/PhpstormProjects/gaga/src/lib/wpf/Wpf_Web.php(27): Duckchat_MiniProgramController->doIndex()
#2 /Users/anguoyue/PhpstormProjects/gaga/src/lib/wpf/init.php(113): Wpf_Web->run()
#3 /Users/anguoyue/PhpstormProjects/gaga/src/index.php(41): require_once('/Users/anguoyue...')
#4 {main} 
 in /Users/anguoyue/PhpstormProjects/gaga/src/lib/wpf/Wpf_Logger.php on line 111
[12-Nov-2018 19:00:08 Asia/Shanghai] PHP Warning:  MiniProgramController-getDuckChatUserProfileFromSessionId error msg =Exception: decrypt user sesssionId is empty in /Users/anguoyue/PhpstormProjects/gaga/src/controller/MiniProgramController.php:245
Stack trace:
#0 /Users/anguoyue/PhpstormProjects/gaga/src/controller/MiniProgramController.php(182): MiniProgramController->buildResponseFromHttp('http://192.168....', '\n\x18duckchat.sess...')
#1 /Users/anguoyue/PhpstormProjects/gaga/src/controller/MiniProgramController.php(132): MiniProgramController->requestDuckChatInnerApi(100, 'duckchat.sessio...', Object(Zaly\Proto\Plugin\DuckChatSessionProfileRequest))
#2 /Users/anguoyue/PhpstormProjects/gaga/src/controller/MiniProgramController.php(93): MiniProgramController->getDuckChatUserProfileFromSessionId('iyVsv15nQ0STprQ...', 100)
#3 /Users/anguoyue/PhpstormProjects/gaga/src/lib/wpf/Wpf_Web.php(27): MiniProgramController->doIndex()
#4 /Users/anguoyue/PhpstormProjects/gaga/src/lib/wpf/init.php(113): Wpf_Web->run()
#5 /Users/anguoyue/PhpstormProjects/gaga/src/index.ph in /Users/anguoyue/PhpstormProjects/gaga/src/lib/wpf/Wpf_Logger.php on line 111
[12-Nov-2018 19:00:08 Asia/Shanghai] PHP Warning:  MiniProgramController-doIndex error msg =Exception: decrypt user sesssionId is empty in /Users/anguoyue/PhpstormProjects/gaga/src/controller/MiniProgramController.php:245
Stack trace:
#0 /Users/anguoyue/PhpstormProjects/gaga/src/controller/MiniProgramController.php(182): MiniProgramController->buildResponseFromHttp('http://192.168....', '\n\x18duckchat.sess...')
#1 /Users/anguoyue/PhpstormProjects/gaga/src/controller/MiniProgramController.php(132): MiniProgramController->requestDuckChatInnerApi(100, 'duckchat.sessio...', Object(Zaly\Proto\Plugin\DuckChatSessionProfileRequest))
#2 /Users/anguoyue/PhpstormProjects/gaga/src/controller/MiniProgramController.php(93): MiniProgramController->getDuckChatUserProfileFromSessionId('iyVsv15nQ0STprQ...', 100)
#3 /Users/anguoyue/PhpstormProjects/gaga/src/lib/wpf/Wpf_Web.php(27): MiniProgramController->doIndex()
#4 /Users/anguoyue/PhpstormProjects/gaga/src/lib/wpf/init.php(113): Wpf_Web->run()
#5 /Users/anguoyue/PhpstormProjects/gaga/src/index.php(41): require_once('/Users/ in /Users/anguoyue/PhpstormProjects/gaga/src/lib/wpf/Wpf_Logger.php on line 111
[12-Nov-2018 19:02:43 Asia/Shanghai] PHP Warning:  Api_Site_ConfigController-checkSessionValid check session id  
 in /Users/anguoyue/PhpstormProjects/gaga/src/lib/wpf/Wpf_Logger.php on line 111
[12-Nov-2018 19:02:46 Asia/Shanghai] tell client news isGroup=1 toId=ekuvy4d4zt
[12-Nov-2018 19:02:49 Asia/Shanghai] tell client news isGroup=1 toId=ekuvy4d4zt
[12-Nov-2018 19:02:49 Asia/Shanghai] tell client news isGroup=1 toId=ekuvy4d4zt
[12-Nov-2018 19:02:50 Asia/Shanghai] tell client news isGroup=1 toId=ekuvy4d4zt
[12-Nov-2018 19:02:50 Asia/Shanghai] tell client news isGroup=1 toId=ekuvy4d4zt
[12-Nov-2018 19:02:51 Asia/Shanghai] tell client news isGroup=1 toId=ekuvy4d4zt
[12-Nov-2018 19:02:56 Asia/Shanghai] PHP Warning:  Api_Site_ConfigController-checkSessionValid check session id  
 in /Users/anguoyue/PhpstormProjects/gaga/src/lib/wpf/Wpf_Logger.php on line 111
[12-Nov-2018 19:03:15 Asia/Shanghai] PHP Warning:  Api_Site_ConfigController-checkSessionValid check session id  
 in /Users/anguoyue/PhpstormProjects/gaga/src/lib/wpf/Wpf_Logger.php on line 111
[12-Nov-2018 19:03:21 Asia/Shanghai] PHP Warning:  Api_Site_ConfigController-checkSessionValid check session id  
 in /Users/anguoyue/PhpstormProjects/gaga/src/lib/wpf/Wpf_Logger.php on line 111
[12-Nov-2018 19:03:27 Asia/Shanghai] PHP Warning:  Api_Site_ConfigController-checkSessionValid check session id  
 in /Users/anguoyue/PhpstormProjects/gaga/src/lib/wpf/Wpf_Logger.php on line 111
[12-Nov-2018 19:03:28 Asia/Shanghai] PHP Warning:  Api_Site_ConfigController-checkSessionValid check session id  
 in /Users/anguoyue/PhpstormProjects/gaga/src/lib/wpf/Wpf_Logger.php on line 111
[12-Nov-2018 19:03:37 Asia/Shanghai] tell client news isGroup= toId=6258abe8d407ab54286ae38fb5d82bc1131e8706
[12-Nov-2018 19:03:37 Asia/Shanghai] PHP Warning:  im.stc.message sync MessageEventFriendRequest 
 in /Users/anguoyue/PhpstormProjects/gaga/src/lib/wpf/Wpf_Logger.php on line 111
[12-Nov-2018 19:03:37 Asia/Shanghai] PHP Warning:  im.stc.message sync MessageEventFriendRequest 
 in /Users/anguoyue/PhpstormProjects/gaga/src/lib/wpf/Wpf_Logger.php on line 111
[12-Nov-2018 19:03:39 Asia/Shanghai] PHP Warning:  A non-numeric value encountered in /Users/anguoyue/PhpstormProjects/gaga/src/lib/wpf/Wpf_Logger.php on line 138
[12-Nov-2018 19:03:39 Asia/Shanghai] PHP Warning:  A non-numeric value encountered in /Users/anguoyue/PhpstormProjects/gaga/src/lib/wpf/Wpf_Logger.php on line 138
[12-Nov-2018 19:03:42 Asia/Shanghai] PHP Warning:  A non-numeric value encountered in /Users/anguoyue/PhpstormProjects/gaga/src/lib/wpf/Wpf_Logger.php on line 138
[12-Nov-2018 19:03:45 Asia/Shanghai] tell client news isGroup= toId=54caa9c36eeb54062e5b8ec144ff675360b66754
[12-Nov-2018 19:03:45 Asia/Shanghai] tell client news isGroup= toId=6258abe8d407ab54286ae38fb5d82bc1131e8706
[12-Nov-2018 19:03:50 Asia/Shanghai] tell client news isGroup= toId=54caa9c36eeb54062e5b8ec144ff675360b66754
[12-Nov-2018 19:03:50 Asia/Shanghai] tell client news isGroup= toId=54caa9c36eeb54062e5b8ec144ff675360b66754
[12-Nov-2018 19:03:50 Asia/Shanghai] tell client news isGroup= toId=54caa9c36eeb54062e5b8ec144ff675360b66754
[12-Nov-2018 19:03:51 Asia/Shanghai] tell client news isGroup= toId=54caa9c36eeb54062e5b8ec144ff675360b66754
[12-Nov-2018 19:03:51 Asia/Shanghai] tell client news isGroup= toId=54caa9c36eeb54062e5b8ec144ff675360b66754
[12-Nov-2018 19:03:51 Asia/Shanghai] tell client news isGroup= toId=54caa9c36eeb54062e5b8ec144ff675360b66754
[12-Nov-2018 19:03:55 Asia/Shanghai] tell client news isGroup= toId=6258abe8d407ab54286ae38fb5d82bc1131e8706
[12-Nov-2018 19:03:56 Asia/Shanghai] tell client news isGroup= toId=6258abe8d407ab54286ae38fb5d82bc1131e8706
[12-Nov-2018 19:03:56 Asia/Shanghai] tell client news isGroup= toId=6258abe8d407ab54286ae38fb5d82bc1131e8706
[12-Nov-2018 19:03:56 Asia/Shanghai] tell client news isGroup= toId=6258abe8d407ab54286ae38fb5d82bc1131e8706
[12-Nov-2018 19:03:57 Asia/Shanghai] tell client news isGroup= toId=6258abe8d407ab54286ae38fb5d82bc1131e8706
[12-Nov-2018 19:03:59 Asia/Shanghai] PHP Warning:  Api_Site_ConfigController-checkSessionValid check session id  
 in /Users/anguoyue/PhpstormProjects/gaga/src/lib/wpf/Wpf_Logger.php on line 111
[12-Nov-2018 19:04:02 Asia/Shanghai] tell client news isGroup=1 toId=vitk6e4kil
[12-Nov-2018 19:04:04 Asia/Shanghai] tell client news isGroup=1 toId=vitk6e4kil
[12-Nov-2018 19:04:04 Asia/Shanghai] tell client news isGroup=1 toId=vitk6e4kil
[12-Nov-2018 19:04:05 Asia/Shanghai] tell client news isGroup=1 toId=vitk6e4kil
[12-Nov-2018 19:04:05 Asia/Shanghai] tell client news isGroup=1 toId=vitk6e4kil
[12-Nov-2018 19:04:05 Asia/Shanghai] tell client news isGroup=1 toId=vitk6e4kil
[12-Nov-2018 19:04:07 Asia/Shanghai] tell client news isGroup= toId=54caa9c36eeb54062e5b8ec144ff675360b66754
[12-Nov-2018 19:04:08 Asia/Shanghai] tell client news isGroup= toId=54caa9c36eeb54062e5b8ec144ff675360b66754
[12-Nov-2018 19:04:08 Asia/Shanghai] tell client news isGroup= toId=54caa9c36eeb54062e5b8ec144ff675360b66754
[12-Nov-2018 19:04:13 Asia/Shanghai] tell client news isGroup=1 toId=vitk6e4kil
[12-Nov-2018 19:04:16 Asia/Shanghai] PHP Warning:  Cannot modify header information - headers already sent by (output started at /Users/anguoyue/PhpstormProjects/gaga/src/controller/BaseController.php:147) in /Users/anguoyue/PhpstormProjects/gaga/src/model/File/File_Manager.php on line 339
[12-Nov-2018 19:04:16 Asia/Shanghai] tell client news isGroup=1 toId=vitk6e4kil
[12-Nov-2018 19:04:19 Asia/Shanghai] tell client news isGroup=1 toId=vitk6e4kil
[12-Nov-2018 19:04:19 Asia/Shanghai] tell client news isGroup=1 toId=vitk6e4kil
[12-Nov-2018 19:04:19 Asia/Shanghai] tell client news isGroup=1 toId=vitk6e4kil
[12-Nov-2018 19:04:20 Asia/Shanghai] tell client news isGroup=1 toId=vitk6e4kil
[12-Nov-2018 19:04:20 Asia/Shanghai] tell client news isGroup=1 toId=vitk6e4kil
[12-Nov-2018 19:04:20 Asia/Shanghai] tell client news isGroup=1 toId=vitk6e4kil
[12-Nov-2018 19:04:21 Asia/Shanghai] tell client news isGroup=1 toId=vitk6e4kil
[12-Nov-2018 19:04:21 Asia/Shanghai] tell client news isGroup=1 toId=vitk6e4kil
[12-Nov-2018 19:04:21 Asia/Shanghai] tell client news isGroup=1 toId=vitk6e4kil
[12-Nov-2018 19:04:22 Asia/Shanghai] tell client news isGroup=1 toId=vitk6e4kil
[12-Nov-2018 19:04:22 Asia/Shanghai] tell client news isGroup=1 toId=vitk6e4kil
[12-Nov-2018 19:04:25 Asia/Shanghai] tell client news isGroup=1 toId=vitk6e4kil
[12-Nov-2018 19:04:26 Asia/Shanghai] tell client news isGroup=1 toId=vitk6e4kil
[12-Nov-2018 19:04:26 Asia/Shanghai] tell client news isGroup=1 toId=vitk6e4kil
[12-Nov-2018 19:04:26 Asia/Shanghai] tell client news isGroup=1 toId=vitk6e4kil
[12-Nov-2018 19:04:27 Asia/Shanghai] tell client news isGroup=1 toId=vitk6e4kil
[12-Nov-2018 19:07:34 Asia/Shanghai] PHP Warning:  Api_Site_ConfigController-checkSessionValid check session id  
 in /Users/anguoyue/PhpstormProjects/gaga/src/lib/wpf/Wpf_Logger.php on line 111
[12-Nov-2018 19:07:37 Asia/Shanghai] PHP Warning:  Api_Site_ConfigController-checkSessionValid check session id  
 in /Users/anguoyue/PhpstormProjects/gaga/src/lib/wpf/Wpf_Logger.php on line 111
[12-Nov-2018 20:04:14 Asia/Shanghai] PHP Warning:  Api_Site_ConfigController-checkSessionValid check session id  
 in /Users/anguoyue/PhpstormProjects/gaga/src/lib/wpf/Wpf_Logger.php on line 111
[12-Nov-2018 20:04:18 Asia/Shanghai] PHP Warning:  Api_Site_ConfigController-checkSessionValid check session id  
 in /Users/anguoyue/PhpstormProjects/gaga/src/lib/wpf/Wpf_Logger.php on line 111
[12-Nov-2018 20:04:21 Asia/Shanghai] PHP Warning:  Api_Site_ConfigController-checkSessionValid check session id  
 in /Users/anguoyue/PhpstormProjects/gaga/src/lib/wpf/Wpf_Logger.php on line 111
[12-Nov-2018 20:04:23 Asia/Shanghai] PHP Warning:  Api_Site_ConfigController-checkSessionValid check session id  
 in /Users/anguoyue/PhpstormProjects/gaga/src/lib/wpf/Wpf_Logger.php on line 111
[12-Nov-2018 20:04:25 Asia/Shanghai] PHP Warning:  Api_Site_ConfigController-checkSessionValid check session id  
 in /Users/anguoyue/PhpstormProjects/gaga/src/lib/wpf/Wpf_Logger.php on line 111
[12-Nov-2018 20:04:27 Asia/Shanghai] PHP Warning:  Api_Site_ConfigController-checkSessionValid check session id  
 in /Users/anguoyue/PhpstormProjects/gaga/src/lib/wpf/Wpf_Logger.php on line 111
[12-Nov-2018 20:04:29 Asia/Shanghai] PHP Warning:  Api_Site_ConfigController-checkSessionValid check session id  
 in /Users/anguoyue/PhpstormProjects/gaga/src/lib/wpf/Wpf_Logger.php on line 111
[12-Nov-2018 20:04:30 Asia/Shanghai] PHP Warning:  Api_Site_ConfigController-checkSessionValid check session id  
 in /Users/anguoyue/PhpstormProjects/gaga/src/lib/wpf/Wpf_Logger.php on line 111
[12-Nov-2018 20:04:31 Asia/Shanghai] PHP Warning:  Api_Site_ConfigController-checkSessionValid check session id  
 in /Users/anguoyue/PhpstormProjects/gaga/src/lib/wpf/Wpf_Logger.php on line 111
[12-Nov-2018 20:04:32 Asia/Shanghai] PHP Warning:  Api_Site_ConfigController-checkSessionValid check session id  
 in /Users/anguoyue/PhpstormProjects/gaga/src/lib/wpf/Wpf_Logger.php on line 111
[12-Nov-2018 20:04:33 Asia/Shanghai] PHP Warning:  Api_Site_ConfigController-checkSessionValid check session id  
 in /Users/anguoyue/PhpstormProjects/gaga/src/lib/wpf/Wpf_Logger.php on line 111
[12-Nov-2018 20:04:34 Asia/Shanghai] PHP Warning:  Api_Site_ConfigController-checkSessionValid check session id  
 in /Users/anguoyue/PhpstormProjects/gaga/src/lib/wpf/Wpf_Logger.php on line 111
[12-Nov-2018 20:04:35 Asia/Shanghai] PHP Warning:  Api_Site_ConfigController-checkSessionValid check session id  
 in /Users/anguoyue/PhpstormProjects/gaga/src/lib/wpf/Wpf_Logger.php on line 111
[12-Nov-2018 20:04:36 Asia/Shanghai] PHP Warning:  Api_Site_ConfigController-checkSessionValid check session id  
 in /Users/anguoyue/PhpstormProjects/gaga/src/lib/wpf/Wpf_Logger.php on line 111
[12-Nov-2018 20:04:37 Asia/Shanghai] PHP Warning:  Api_Site_ConfigController-checkSessionValid check session id  
 in /Users/anguoyue/PhpstormProjects/gaga/src/lib/wpf/Wpf_Logger.php on line 111
[12-Nov-2018 20:04:38 Asia/Shanghai] PHP Warning:  Api_Site_ConfigController-checkSessionValid check session id  
 in /Users/anguoyue/PhpstormProjects/gaga/src/lib/wpf/Wpf_Logger.php on line 111
