[19-Nov-2018 10:57:39 Asia/Shanghai] PHP Warning:  HttpBaseController-getUserIdByCookie error msg =session is not ok 
 in /Users/anguoyue/PhpstormProjects/gaga/src/lib/wpf/Wpf_Logger.php on line 111
[19-Nov-2018 10:57:39 Asia/Shanghai] PHP Warning:  Page_Passport_LoginController->index page.passport.login error=cookie is not found 
 in /Users/anguoyue/PhpstormProjects/gaga/src/lib/wpf/Wpf_Logger.php on line 111
[19-Nov-2018 10:57:39 Asia/Shanghai] PHP Warning:  Api_Site_ConfigController-checkSessionValid check session id  
 in /Users/anguoyue/PhpstormProjects/gaga/src/lib/wpf/Wpf_Logger.php on line 111
[19-Nov-2018 10:57:41 Asia/Shanghai] PHP Warning:  Page_Passport_RegisterController->index Exception: cookie is not found in /Users/anguoyue/PhpstormProjects/gaga/src/controller/HttpBaseController.php:168
Stack trace:
#0 /Users/anguoyue/PhpstormProjects/gaga/src/controller/Page/Passport/Page_Passport_RegisterController.php(16): HttpBaseController->checkUserCookie()
#1 /Users/anguoyue/PhpstormProjects/gaga/src/controller/HttpBaseController.php(94): Page_Passport_RegisterController->index()
#2 /Users/anguoyue/PhpstormProjects/gaga/src/lib/wpf/Wpf_Web.php(27): HttpBaseController->doIndex()
#3 /Users/anguoyue/PhpstormProjects/gaga/src/lib/wpf/init.php(119): Wpf_Web->run()
#4 /Users/anguoyue/PhpstormProjects/gaga/src/index.php(36): require_once('/Users/anguoyue...')
#5 {main} 
 in /Users/anguoyue/PhpstormProjects/gaga/src/lib/wpf/Wpf_Logger.php on line 111
[19-Nov-2018 10:57:41 Asia/Shanghai] PHP Warning:  Api_Site_ConfigController-checkSessionValid check session id  
 in /Users/anguoyue/PhpstormProjects/gaga/src/lib/wpf/Wpf_Logger.php on line 111
[19-Nov-2018 10:57:42 Asia/Shanghai] PHP Warning:  Page_Passport_LoginController->index page.passport.login error=cookie is not found 
 in /Users/anguoyue/PhpstormProjects/gaga/src/lib/wpf/Wpf_Logger.php on line 111
[19-Nov-2018 10:57:42 Asia/Shanghai] PHP Warning:  Api_Site_ConfigController-checkSessionValid check session id  
 in /Users/anguoyue/PhpstormProjects/gaga/src/lib/wpf/Wpf_Logger.php on line 111
[19-Nov-2018 10:57:52 Asia/Shanghai] PHP Warning:  Api_Site_ConfigController-checkSessionValid check session id  
 in /Users/anguoyue/PhpstormProjects/gaga/src/lib/wpf/Wpf_Logger.php on line 111
[19-Nov-2018 10:57:52 Asia/Shanghai] PHP Warning:  Api_Site_ConfigController-checkSessionValid check session id  
 in /Users/anguoyue/PhpstormProjects/gaga/src/lib/wpf/Wpf_Logger.php on line 111
[19-Nov-2018 15:36:14 Asia/Shanghai] PHP Warning:  Api_Site_ConfigController-checkSessionValid check session id  
 in /Users/anguoyue/PhpstormProjects/gaga/src/lib/wpf/Wpf_Logger.php on line 111
[19-Nov-2018 15:36:14 Asia/Shanghai] PHP Warning:  Api_Site_ConfigController-checkSessionValid check session id  
 in /Users/anguoyue/PhpstormProjects/gaga/src/lib/wpf/Wpf_Logger.php on line 111
[19-Nov-2018 15:36:17 Asia/Shanghai] PHP Warning:  Page_Passport_LoginController->index page.passport.login error=cookie is not found 
 in /Users/anguoyue/PhpstormProjects/gaga/src/lib/wpf/Wpf_Logger.php on line 111
[19-Nov-2018 15:36:17 Asia/Shanghai] PHP Warning:  Api_Site_ConfigController-checkSessionValid check session id  
 in /Users/anguoyue/PhpstormProjects/gaga/src/lib/wpf/Wpf_Logger.php on line 111
