[19-Nov-2018 10:14:43 Asia/Shanghai] PHP Warning:  HttpBaseController-getUserIdByCookie error msg =session is not ok 
 in /Users/anguoyue/PhpstormProjects/gaga/src/lib/wpf/Wpf_Logger.php on line 111
[19-Nov-2018 10:14:43 Asia/Shanghai] PHP Warning:  Page_Passport_LoginController->index page.passport.login error=cookie is not found 
 in /Users/anguoyue/PhpstormProjects/gaga/src/lib/wpf/Wpf_Logger.php on line 111
[19-Nov-2018 10:14:43 Asia/Shanghai] PHP Warning:  Api_Site_ConfigController-checkSessionValid check session id  
 in /Users/anguoyue/PhpstormProjects/gaga/src/lib/wpf/Wpf_Logger.php on line 111
[19-Nov-2018 10:14:47 Asia/Shanghai] PHP Warning:  Page_Passport_RegisterController->index Exception: cookie is not found in /Users/anguoyue/PhpstormProjects/gaga/src/controller/HttpBaseController.php:168
Stack trace:
#0 /Users/anguoyue/PhpstormProjects/gaga/src/controller/Page/Passport/Page_Passport_RegisterController.php(16): HttpBaseController->checkUserCookie()
#1 /Users/anguoyue/PhpstormProjects/gaga/src/controller/HttpBaseController.php(94): Page_Passport_RegisterController->index()
#2 /Users/anguoyue/PhpstormProjects/gaga/src/lib/wpf/Wpf_Web.php(27): HttpBaseController->doIndex()
#3 /Users/anguoyue/PhpstormProjects/gaga/src/lib/wpf/init.php(115): Wpf_Web->run()
#4 /Users/anguoyue/PhpstormProjects/gaga/src/index.php(36): require_once('/Users/anguoyue...')
#5 {main} 
 in /Users/anguoyue/PhpstormProjects/gaga/src/lib/wpf/Wpf_Logger.php on line 111
[19-Nov-2018 10:14:47 Asia/Shanghai] PHP Warning:  Api_Site_ConfigController-checkSessionValid check session id  
 in /Users/anguoyue/PhpstormProjects/gaga/src/lib/wpf/Wpf_Logger.php on line 111
[19-Nov-2018 10:15:09 Asia/Shanghai] PHP Warning:  Api_Site_ConfigController-checkSessionValid check session id  
 in /Users/anguoyue/PhpstormProjects/gaga/src/lib/wpf/Wpf_Logger.php on line 111
[19-Nov-2018 10:15:09 Asia/Shanghai] PHP Warning:  Api_Site_ConfigController-checkSessionValid check session id  
 in /Users/anguoyue/PhpstormProjects/gaga/src/lib/wpf/Wpf_Logger.php on line 111
[19-Nov-2018 10:15:16 Asia/Shanghai] PHP Warning:  HttpBaseController-getUserIdByCookie error msg =cookie is not found 
 in /Users/anguoyue/PhpstormProjects/gaga/src/lib/wpf/Wpf_Logger.php on line 111
[19-Nov-2018 10:15:16 Asia/Shanghai] PHP Warning:  Page_Passport_LoginController->index page.passport.login error=cookie is not found 
 in /Users/anguoyue/PhpstormProjects/gaga/src/lib/wpf/Wpf_Logger.php on line 111
[19-Nov-2018 10:15:17 Asia/Shanghai] PHP Warning:  Api_Site_ConfigController-checkSessionValid check session id  
 in /Users/anguoyue/PhpstormProjects/gaga/src/lib/wpf/Wpf_Logger.php on line 111
[19-Nov-2018 10:15:23 Asia/Shanghai] PHP Warning:  Api_Site_ConfigController-checkSessionValid check session id  
 in /Users/anguoyue/PhpstormProjects/gaga/src/lib/wpf/Wpf_Logger.php on line 111
[19-Nov-2018 10:15:23 Asia/Shanghai] PHP Warning:  HttpBaseController-getUserIdByCookie error msg =session is not ok 
 in /Users/anguoyue/PhpstormProjects/gaga/src/lib/wpf/Wpf_Logger.php on line 111
[19-Nov-2018 10:15:23 Asia/Shanghai] PHP Warning:  Page_Passport_LoginController->index page.passport.login error=cookie is not found 
 in /Users/anguoyue/PhpstormProjects/gaga/src/lib/wpf/Wpf_Logger.php on line 111
[19-Nov-2018 10:15:23 Asia/Shanghai] PHP Warning:  Api_Site_ConfigController-checkSessionValid check session id  
 in /Users/anguoyue/PhpstormProjects/gaga/src/lib/wpf/Wpf_Logger.php on line 111
[19-Nov-2018 10:15:23 Asia/Shanghai] PHP Warning:  Api_Site_ConfigController-checkSessionValid check session id  
 in /Users/anguoyue/PhpstormProjects/gaga/src/lib/wpf/Wpf_Logger.php on line 111
[19-Nov-2018 10:15:37 Asia/Shanghai] PHP Warning:  Api_Site_ConfigController-checkSessionValid check session id  
 in /Users/anguoyue/PhpstormProjects/gaga/src/lib/wpf/Wpf_Logger.php on line 111
[19-Nov-2018 10:15:37 Asia/Shanghai] PHP Warning:  Api_Site_ConfigController-checkSessionValid check session id  
 in /Users/anguoyue/PhpstormProjects/gaga/src/lib/wpf/Wpf_Logger.php on line 111
[19-Nov-2018 10:16:01 Asia/Shanghai] PHP Warning:  Http_File_DownloadFileController-index Exception: it's msg attachment in /Users/anguoyue/PhpstormProjects/gaga/src/controller/Http/File/Http_File_DownloadFileController.php:29
Stack trace:
#0 /Users/anguoyue/PhpstormProjects/gaga/src/controller/HttpBaseController.php(94): Http_File_DownloadFileController->index()
#1 /Users/anguoyue/PhpstormProjects/gaga/src/lib/wpf/Wpf_Web.php(27): HttpBaseController->doIndex()
#2 /Users/anguoyue/PhpstormProjects/gaga/src/lib/wpf/init.php(115): Wpf_Web->run()
#3 /Users/anguoyue/PhpstormProjects/gaga/src/index.php(36): require_once('/Users/anguoyue...')
#4 {main} 
 in /Users/anguoyue/PhpstormProjects/gaga/src/lib/wpf/Wpf_Logger.php on line 111
[19-Nov-2018 10:16:18 Asia/Shanghai] PHP Warning:  manage.config.update ke=name value=SAM's 小站 
 in /Users/anguoyue/PhpstormProjects/gaga/src/lib/wpf/Wpf_Logger.php on line 111
[19-Nov-2018 10:16:18 Asia/Shanghai] PHP Warning:  Http_File_DownloadFileController-index Exception: it's msg attachment in /Users/anguoyue/PhpstormProjects/gaga/src/controller/Http/File/Http_File_DownloadFileController.php:29
Stack trace:
#0 /Users/anguoyue/PhpstormProjects/gaga/src/controller/HttpBaseController.php(94): Http_File_DownloadFileController->index()
#1 /Users/anguoyue/PhpstormProjects/gaga/src/lib/wpf/Wpf_Web.php(27): HttpBaseController->doIndex()
#2 /Users/anguoyue/PhpstormProjects/gaga/src/lib/wpf/init.php(115): Wpf_Web->run()
#3 /Users/anguoyue/PhpstormProjects/gaga/src/index.php(36): require_once('/Users/anguoyue...')
#4 {main} 
 in /Users/anguoyue/PhpstormProjects/gaga/src/lib/wpf/Wpf_Logger.php on line 111
[19-Nov-2018 10:16:29 Asia/Shanghai] PHP Warning:  Http_File_DownloadFileController-index Exception: it's msg attachment in /Users/anguoyue/PhpstormProjects/gaga/src/controller/Http/File/Http_File_DownloadFileController.php:29
Stack trace:
#0 /Users/anguoyue/PhpstormProjects/gaga/src/controller/HttpBaseController.php(94): Http_File_DownloadFileController->index()
#1 /Users/anguoyue/PhpstormProjects/gaga/src/lib/wpf/Wpf_Web.php(27): HttpBaseController->doIndex()
#2 /Users/anguoyue/PhpstormProjects/gaga/src/lib/wpf/init.php(115): Wpf_Web->run()
#3 /Users/anguoyue/PhpstormProjects/gaga/src/index.php(36): require_once('/Users/anguoyue...')
#4 {main} 
 in /Users/anguoyue/PhpstormProjects/gaga/src/lib/wpf/Wpf_Logger.php on line 111
